<?xml version="1.0" encoding="UTF-8"?>
<!-- Generated by org.testng.reporters.JUnitReportReporter -->
<testsuite hostname="DESKTOP-N60QB27" failures="0" tests="3" name="tests.TestCase" time="49.827" errors="0" timestamp="2022-12-12T15:43:46 IST" skipped="0">
  <testcase classname="tests.TestCase" name="TestCase3" time="16.276"/>
  <testcase classname="tests.TestCase" name="TestCase1" time="16.848"/>
  <testcase classname="tests.TestCase" name="TestCase2" time="16.703"/>
</testsuite> <!-- tests.TestCase -->
