<?xml version="1.0" encoding="UTF-8"?>
<!-- Generated by org.testng.reporters.JUnitReportReporter -->
<testsuite hostname="DESKTOP-N60QB27" failures="0" tests="3" name="tests.TestCase" time="36.008" errors="0" timestamp="2022-12-10T10:58:56 IST" skipped="0">
  <testcase classname="tests.TestCase" name="TestCase1" time="12.843"/>
  <testcase classname="tests.TestCase" name="TestCase3" time="11.562"/>
  <testcase classname="tests.TestCase" name="TestCase2" time="11.603"/>
</testsuite> <!-- tests.TestCase -->
